Starting Nmap 7.70 ( https://nmap.org ) at 2019-02-01 11:48 CST
Nmap scan report for 172.18.35.14
Host is up (0.88s latency).
Not shown: 988 closed ports
PORT      STATE SERVICE         VERSION
135/tcp   open  msrpc           Microsoft Windows RPC
139/tcp   open  netbios-ssn     Microsoft Windows netbios-ssn
445/tcp   open  microsoft-ds    Windows 7 Home Premium 7601 Service Pack 1 microsoft-ds (workgroup: WORKGROUP)
902/tcp   open  ssl/vmware-auth VMware Authentication Daemon 1.10 (Uses VNC, SOAP)
912/tcp   open  vmware-auth     VMware Authentication Daemon 1.0 (Uses VNC, SOAP)
5357/tcp  open  http            Microsoft HTTPAPI httpd 2.0 (SSDP/UPnP)
|_http-server-header: Microsoft-HTTPAPI/2.0
|_http-title: Service Unavailable
49152/tcp open  msrpc           Microsoft Windows RPC
49153/tcp open  msrpc           Microsoft Windows RPC
49154/tcp open  msrpc           Microsoft Windows RPC
49155/tcp open  msrpc           Microsoft Windows RPC
49156/tcp open  msrpc           Microsoft Windows RPC
49157/tcp open  msrpc           Microsoft Windows RPC
Service Info: Host: CMDEV-HP; OS: Windows; CPE: cpe:/o:microsoft:windows

Host script results:
|_clock-skew: mean: 1h40m08s, deviation: 2h53m12s, median: 8s
|_nbstat: NetBIOS name: CMDEV-HP, NetBIOS user: <unknown>, NetBIOS MAC: 2c:27:d7:ba:dc:36 (Hewlett Packard)
| smb-os-discovery: 
|   OS: Windows 7 Home Premium 7601 Service Pack 1 (Windows 7 Home Premium 6.1)
|   OS CPE: cpe:/o:microsoft:windows_7::sp1
|   Computer name: cmdev-HP
|   NetBIOS computer name: CMDEV-HP\x00
|   Workgroup: WORKGROUP\x00
|_  System time: 2019-02-01T12:49:43-05:00
| smb-security-mode: 
|   account_used: <blank>
|   authentication_level: user
|   challenge_response: supported
|_  message_signing: disabled (dangerous, but default)
| smb2-security-mode: 
|   2.02: 
|_    Message signing enabled but not required
| smb2-time: 
|   date: 2019-02-01 11:49:43
|_  start_date: 2019-01-30 10:46:45

Service detection performed. Please report any incorrect results at https://nmap.org/submit/ .
Nmap done: 1 IP address (1 host up) scanned in 120.68 seconds
